2025-02-27 13:09:28,064 INFO    MainThread:11624 [wandb_setup.py:_flush():67] Current SDK version is 0.19.7
2025-02-27 13:09:28,064 INFO    MainThread:11624 [wandb_setup.py:_flush():67] Configure stats pid to 11624
2025-02-27 13:09:28,064 INFO    MainThread:11624 [wandb_setup.py:_flush():67] Loading settings from C:\Users\DELL\.config\wandb\settings
2025-02-27 13:09:28,065 INFO    MainThread:11624 [wandb_setup.py:_flush():67] Loading settings from c:\Users\DELL\Desktop\Coding\Python\DL\wandb\settings
2025-02-27 13:09:28,065 INFO    MainThread:11624 [wandb_setup.py:_flush():67] Loading settings from environment variables
2025-02-27 13:09:28,065 INFO    MainThread:11624 [wandb_init.py:setup_run_log_directory():647] Logging user logs to c:\Users\DELL\Desktop\Coding\Python\DL\wandb\run-20250227_130928-xj4dp3hu\logs\debug.log
2025-02-27 13:09:28,065 INFO    MainThread:11624 [wandb_init.py:setup_run_log_directory():648] Logging internal logs to c:\Users\DELL\Desktop\Coding\Python\DL\wandb\run-20250227_130928-xj4dp3hu\logs\debug-internal.log
2025-02-27 13:09:28,065 INFO    MainThread:11624 [wandb_init.py:monkeypatch_ipython():599] configuring jupyter hooks <wandb.sdk.wandb_init._WandbInit object at 0x0000020644D8BCD0>
2025-02-27 13:09:28,066 INFO    MainThread:11624 [wandb_init.py:init():761] calling init triggers
2025-02-27 13:09:28,066 INFO    MainThread:11624 [wandb_init.py:init():766] wandb.init called with sweep_config: {}
config: {'learning_rate': 0.02, 'architecture': 'CNN', 'dataset': 'CIFAR-100', 'epochs': 10, '_wandb': {}}
2025-02-27 13:09:28,066 INFO    MainThread:11624 [wandb_init.py:init():784] starting backend
2025-02-27 13:09:28,066 INFO    MainThread:11624 [wandb_init.py:init():788] sending inform_init request
2025-02-27 13:09:28,084 INFO    MainThread:11624 [backend.py:_multiprocessing_setup():97] multiprocessing start_methods=spawn, using: spawn
2025-02-27 13:09:28,085 INFO    MainThread:11624 [wandb_init.py:init():803] backend started and connected
2025-02-27 13:09:28,086 INFO    MainThread:11624 [wandb_run.py:_label_probe_notebook():1204] probe notebook
2025-02-27 13:09:28,087 INFO    MainThread:11624 [wandb_run.py:_label_probe_notebook():1214] Unable to probe notebook: Expecting value: line 1 column 1 (char 0)
2025-02-27 13:09:28,087 INFO    MainThread:11624 [wandb_init.py:init():896] updated telemetry
2025-02-27 13:09:28,089 INFO    MainThread:11624 [wandb_init.py:init():920] communicating run to backend with 90.0 second timeout
2025-02-27 13:09:28,495 ERROR   MainThread:11624 [wandb_init.py:init():1481] error in wandb.init()
Traceback (most recent call last):
  File "c:\Users\DELL\.conda\envs\MLOps\lib\site-packages\wandb\sdk\wandb_init.py", line 1471, in init
    return wi.init(run_settings, run_config)
  File "c:\Users\DELL\.conda\envs\MLOps\lib\site-packages\wandb\sdk\wandb_init.py", line 968, in init
    raise error
wandb.errors.errors.CommError: failed to upsert bucket: returned error 404 Not Found: {"errors":[{"message":"entity my-awesome-team-name not found during upsertBucket","path":["upsertBucket"]}],"data":{"upsertBucket":null}}
2025-02-27 13:10:04,361 INFO    MainThread:11624 [wandb_init.py:setup_run_log_directory():647] Logging user logs to c:\Users\DELL\Desktop\Coding\Python\DL\wandb\run-20250227_131004-418ypx1x\logs\debug.log
2025-02-27 13:10:04,361 INFO    MainThread:11624 [wandb_init.py:setup_run_log_directory():648] Logging internal logs to c:\Users\DELL\Desktop\Coding\Python\DL\wandb\run-20250227_131004-418ypx1x\logs\debug-internal.log
2025-02-27 13:10:04,361 INFO    MainThread:11624 [wandb_init.py:init():761] calling init triggers
2025-02-27 13:10:04,361 INFO    MainThread:11624 [wandb_init.py:init():766] wandb.init called with sweep_config: {}
config: {'learning_rate': 0.02, 'architecture': 'CNN', 'dataset': 'CIFAR-100', 'epochs': 10, '_wandb': {}}
2025-02-27 13:10:04,366 INFO    MainThread:11624 [wandb_init.py:init():784] starting backend
2025-02-27 13:10:04,366 INFO    MainThread:11624 [wandb_init.py:init():788] sending inform_init request
2025-02-27 13:10:04,369 INFO    MainThread:11624 [backend.py:_multiprocessing_setup():97] multiprocessing start_methods=spawn, using: spawn
2025-02-27 13:10:04,369 INFO    MainThread:11624 [wandb_init.py:init():803] backend started and connected
2025-02-27 13:10:04,370 INFO    MainThread:11624 [wandb_run.py:_label_probe_notebook():1204] probe notebook
2025-02-27 13:10:04,370 INFO    MainThread:11624 [wandb_run.py:_label_probe_notebook():1214] Unable to probe notebook: Expecting value: line 1 column 1 (char 0)
2025-02-27 13:10:04,371 INFO    MainThread:11624 [wandb_init.py:init():896] updated telemetry
2025-02-27 13:10:04,372 INFO    MainThread:11624 [wandb_init.py:init():920] communicating run to backend with 90.0 second timeout
2025-02-27 13:10:04,863 WARNING MsgRouterThr:11624 [router.py:message_loop():77] message_loop has been closed
Traceback (most recent call last):
  File "c:\Users\DELL\.conda\envs\MLOps\lib\site-packages\wandb\sdk\lib\sock_client.py", line 258, in _read_packet_bytes
    data = self._sock.recv(self._bufsize)
BlockingIOError: [WinError 10035] A non-blocking socket operation could not be completed immediately

The above exception was the direct cause of the following exception:

Traceback (most recent call last):
  File "c:\Users\DELL\.conda\envs\MLOps\lib\site-packages\wandb\sdk\interface\router_sock.py", line 28, in _read_message
    resp = self._sock_client.read_server_response(timeout=1)
  File "c:\Users\DELL\.conda\envs\MLOps\lib\site-packages\wandb\sdk\lib\sock_client.py", line 285, in read_server_response
    data = self._read_packet_bytes(timeout=timeout)
  File "c:\Users\DELL\.conda\envs\MLOps\lib\site-packages\wandb\sdk\lib\sock_client.py", line 262, in _read_packet_bytes
    raise SockClientClosedError from e
wandb.sdk.lib.sock_client.SockClientClosedError

The above exception was the direct cause of the following exception:

Traceback (most recent call last):
  File "c:\Users\DELL\.conda\envs\MLOps\lib\site-packages\wandb\sdk\interface\router.py", line 70, in message_loop
    msg = self._read_message()
  File "c:\Users\DELL\.conda\envs\MLOps\lib\site-packages\wandb\sdk\interface\router_sock.py", line 30, in _read_message
    raise MessageRouterClosedError from e
wandb.sdk.interface.router.MessageRouterClosedError
2025-02-27 13:10:04,864 INFO    MainThread:11624 [wandb_init.py:init():995] starting run threads in backend
2025-02-27 13:10:04,865 INFO    MsgRouterThr:11624 [mailbox.py:close():115] Closing mailbox, abandoning 0 handles.
2025-02-27 13:10:05,189 INFO    MainThread:11624 [wandb_run.py:_console_start():2377] atexit reg
2025-02-27 13:10:05,189 INFO    MainThread:11624 [wandb_run.py:_redirect():2227] redirect: wrap_raw
2025-02-27 13:10:05,190 INFO    MainThread:11624 [wandb_run.py:_redirect():2292] Wrapping output streams.
2025-02-27 13:10:05,190 INFO    MainThread:11624 [wandb_run.py:_redirect():2317] Redirects installed.
2025-02-27 13:10:05,192 INFO    MainThread:11624 [wandb_init.py:init():1037] run started, returning control to user process
2025-02-27 13:10:05,193 INFO    MainThread:11624 [wandb_run.py:_finish():2112] finishing run bullseye2608-indian-institute-of-technology-madras/my-awesome-project/418ypx1x
2025-02-27 13:10:05,193 INFO    MainThread:11624 [wandb_run.py:_atexit_cleanup():2342] got exitcode: 0
2025-02-27 13:10:05,193 INFO    MainThread:11624 [wandb_run.py:_restore():2324] restore
2025-02-27 13:10:05,193 INFO    MainThread:11624 [wandb_run.py:_restore():2330] restore done
2025-02-27 13:10:08,145 INFO    MsgRouterThr:11624 [mailbox.py:close():115] Closing mailbox, abandoning 1 handles.
2025-02-27 13:10:08,145 INFO    MainThread:11624 [wandb_run.py:_footer_history_summary_info():3958] rendering history
2025-02-27 13:10:08,145 INFO    MainThread:11624 [wandb_run.py:_footer_history_summary_info():3990] rendering summary
2025-02-27 13:10:08,147 INFO    MainThread:11624 [wandb_run.py:_footer_sync_info():3919] logging synced files
2025-02-27 13:12:26,492 INFO    MainThread:11624 [wandb_init.py:setup_run_log_directory():647] Logging user logs to c:\Users\DELL\Desktop\Coding\Python\DL\wandb\run-20250227_131226-slo7n9dg\logs\debug.log
2025-02-27 13:12:26,492 INFO    MainThread:11624 [wandb_init.py:setup_run_log_directory():648] Logging internal logs to c:\Users\DELL\Desktop\Coding\Python\DL\wandb\run-20250227_131226-slo7n9dg\logs\debug-internal.log
2025-02-27 13:12:26,493 INFO    MainThread:11624 [wandb_init.py:init():761] calling init triggers
2025-02-27 13:12:26,493 INFO    MainThread:11624 [wandb_init.py:init():766] wandb.init called with sweep_config: {}
config: {'learning_rate': 0.02, 'architecture': 'CNN', 'dataset': 'CIFAR-100', 'epochs': 10, '_wandb': {}}
2025-02-27 13:12:26,493 INFO    MainThread:11624 [wandb_init.py:init():784] starting backend
2025-02-27 13:12:26,493 INFO    MainThread:11624 [wandb_init.py:init():788] sending inform_init request
2025-02-27 13:12:26,495 INFO    MainThread:11624 [backend.py:_multiprocessing_setup():97] multiprocessing start_methods=spawn, using: spawn
2025-02-27 13:12:26,496 INFO    MainThread:11624 [wandb_init.py:init():803] backend started and connected
2025-02-27 13:12:26,498 INFO    MainThread:11624 [wandb_run.py:_label_probe_notebook():1204] probe notebook
2025-02-27 13:12:26,498 INFO    MainThread:11624 [wandb_run.py:_label_probe_notebook():1214] Unable to probe notebook: Expecting value: line 1 column 1 (char 0)
2025-02-27 13:12:26,498 INFO    MainThread:11624 [wandb_init.py:init():896] updated telemetry
2025-02-27 13:12:26,500 INFO    MainThread:11624 [wandb_init.py:init():920] communicating run to backend with 90.0 second timeout
2025-02-27 13:12:26,990 INFO    MainThread:11624 [wandb_init.py:init():995] starting run threads in backend
2025-02-27 13:12:27,311 INFO    MainThread:11624 [wandb_run.py:_console_start():2377] atexit reg
2025-02-27 13:12:27,312 INFO    MainThread:11624 [wandb_run.py:_redirect():2227] redirect: wrap_raw
2025-02-27 13:12:27,312 INFO    MainThread:11624 [wandb_run.py:_redirect():2292] Wrapping output streams.
2025-02-27 13:12:27,312 INFO    MainThread:11624 [wandb_run.py:_redirect():2317] Redirects installed.
2025-02-27 13:12:27,312 INFO    MainThread:11624 [wandb_init.py:init():1037] run started, returning control to user process
2025-02-27 13:12:27,314 INFO    MainThread:11624 [wandb_run.py:_finish():2112] finishing run bullseye2608-indian-institute-of-technology-madras/my-awesome-project/slo7n9dg
2025-02-27 13:12:27,314 INFO    MainThread:11624 [wandb_run.py:_atexit_cleanup():2342] got exitcode: 0
2025-02-27 13:12:27,315 INFO    MainThread:11624 [wandb_run.py:_restore():2324] restore
2025-02-27 13:12:27,315 INFO    MainThread:11624 [wandb_run.py:_restore():2330] restore done
2025-02-27 13:12:30,301 INFO    MsgRouterThr:11624 [mailbox.py:close():115] Closing mailbox, abandoning 1 handles.
2025-02-27 13:12:30,301 INFO    MainThread:11624 [wandb_run.py:_footer_history_summary_info():3958] rendering history
2025-02-27 13:12:30,301 INFO    MainThread:11624 [wandb_run.py:_footer_history_summary_info():3990] rendering summary
2025-02-27 13:12:30,303 INFO    MainThread:11624 [wandb_run.py:_footer_sync_info():3919] logging synced files
2025-02-27 13:13:35,007 INFO    MainThread:11624 [wandb_init.py:setup_run_log_directory():647] Logging user logs to c:\Users\DELL\Desktop\Coding\Python\DL\wandb\run-20250227_131335-66r4hg0f\logs\debug.log
2025-02-27 13:13:35,007 INFO    MainThread:11624 [wandb_init.py:setup_run_log_directory():648] Logging internal logs to c:\Users\DELL\Desktop\Coding\Python\DL\wandb\run-20250227_131335-66r4hg0f\logs\debug-internal.log
2025-02-27 13:13:35,007 INFO    MainThread:11624 [wandb_init.py:init():761] calling init triggers
2025-02-27 13:13:35,007 INFO    MainThread:11624 [wandb_init.py:init():766] wandb.init called with sweep_config: {}
config: {'learning_rate': 0.02, 'architecture': 'CNN', 'dataset': 'CIFAR-100', 'epochs': 10, '_wandb': {}}
2025-02-27 13:13:35,011 INFO    MainThread:11624 [wandb_init.py:init():784] starting backend
2025-02-27 13:13:35,011 INFO    MainThread:11624 [wandb_init.py:init():788] sending inform_init request
2025-02-27 13:13:35,013 INFO    MainThread:11624 [backend.py:_multiprocessing_setup():97] multiprocessing start_methods=spawn, using: spawn
2025-02-27 13:13:35,013 INFO    MainThread:11624 [wandb_init.py:init():803] backend started and connected
2025-02-27 13:13:35,014 INFO    MainThread:11624 [wandb_run.py:_label_probe_notebook():1204] probe notebook
2025-02-27 13:13:35,016 INFO    MainThread:11624 [wandb_init.py:init():896] updated telemetry
2025-02-27 13:13:35,018 INFO    MainThread:11624 [wandb_init.py:init():920] communicating run to backend with 90.0 second timeout
2025-02-27 13:13:35,535 INFO    MainThread:11624 [wandb_init.py:init():995] starting run threads in backend
2025-02-27 13:13:35,851 INFO    MainThread:11624 [wandb_run.py:_console_start():2377] atexit reg
2025-02-27 13:13:35,851 INFO    MainThread:11624 [wandb_run.py:_redirect():2227] redirect: wrap_raw
2025-02-27 13:13:35,851 INFO    MainThread:11624 [wandb_run.py:_redirect():2292] Wrapping output streams.
2025-02-27 13:13:35,851 INFO    MainThread:11624 [wandb_run.py:_redirect():2317] Redirects installed.
2025-02-27 13:13:35,852 INFO    MainThread:11624 [wandb_init.py:init():1037] run started, returning control to user process
2025-02-27 13:13:35,853 INFO    MainThread:11624 [wandb_run.py:_finish():2112] finishing run bullseye2608-indian-institute-of-technology-madras/my-awesome-project/66r4hg0f
2025-02-27 13:13:35,853 INFO    MainThread:11624 [wandb_run.py:_atexit_cleanup():2342] got exitcode: 0
2025-02-27 13:13:35,853 INFO    MainThread:11624 [wandb_run.py:_restore():2324] restore
2025-02-27 13:13:35,853 INFO    MainThread:11624 [wandb_run.py:_restore():2330] restore done
2025-02-27 13:13:38,817 INFO    MsgRouterThr:11624 [mailbox.py:close():115] Closing mailbox, abandoning 1 handles.
2025-02-27 13:13:38,817 INFO    MainThread:11624 [wandb_run.py:_footer_history_summary_info():3958] rendering history
2025-02-27 13:13:38,818 INFO    MainThread:11624 [wandb_run.py:_footer_history_summary_info():3990] rendering summary
2025-02-27 13:13:38,819 INFO    MainThread:11624 [wandb_run.py:_footer_sync_info():3919] logging synced files
2025-02-27 13:15:04,617 INFO    MainThread:11624 [wandb_init.py:setup_run_log_directory():647] Logging user logs to c:\Users\DELL\Desktop\Coding\Python\DL\wandb\run-20250227_131504-9qpq59xe\logs\debug.log
2025-02-27 13:15:04,617 INFO    MainThread:11624 [wandb_init.py:setup_run_log_directory():648] Logging internal logs to c:\Users\DELL\Desktop\Coding\Python\DL\wandb\run-20250227_131504-9qpq59xe\logs\debug-internal.log
2025-02-27 13:15:04,617 INFO    MainThread:11624 [wandb_init.py:init():761] calling init triggers
2025-02-27 13:15:04,617 INFO    MainThread:11624 [wandb_init.py:init():766] wandb.init called with sweep_config: {}
config: {'learning_rate': 0.02, 'architecture': 'CNN', 'dataset': 'CIFAR-100', 'epochs': 10, '_wandb': {}}
2025-02-27 13:15:04,621 INFO    MainThread:11624 [wandb_init.py:init():784] starting backend
2025-02-27 13:15:04,621 INFO    MainThread:11624 [wandb_init.py:init():788] sending inform_init request
2025-02-27 13:15:04,623 INFO    MainThread:11624 [backend.py:_multiprocessing_setup():97] multiprocessing start_methods=spawn, using: spawn
2025-02-27 13:15:04,624 INFO    MainThread:11624 [wandb_init.py:init():803] backend started and connected
2025-02-27 13:15:04,625 INFO    MainThread:11624 [wandb_run.py:_label_probe_notebook():1204] probe notebook
2025-02-27 13:15:04,626 INFO    MainThread:11624 [wandb_init.py:init():896] updated telemetry
2025-02-27 13:15:04,629 INFO    MainThread:11624 [wandb_init.py:init():920] communicating run to backend with 90.0 second timeout
2025-02-27 13:15:05,140 INFO    MainThread:11624 [wandb_init.py:init():995] starting run threads in backend
2025-02-27 13:15:05,444 INFO    MainThread:11624 [wandb_run.py:_console_start():2377] atexit reg
2025-02-27 13:15:05,444 INFO    MainThread:11624 [wandb_run.py:_redirect():2227] redirect: wrap_raw
2025-02-27 13:15:05,444 INFO    MainThread:11624 [wandb_run.py:_redirect():2292] Wrapping output streams.
2025-02-27 13:15:05,444 INFO    MainThread:11624 [wandb_run.py:_redirect():2317] Redirects installed.
2025-02-27 13:15:05,445 INFO    MainThread:11624 [wandb_init.py:init():1037] run started, returning control to user process
2025-02-27 13:15:05,446 INFO    MainThread:11624 [wandb_run.py:_finish():2112] finishing run bullseye2608-indian-institute-of-technology-madras/my-awesome-project/9qpq59xe
2025-02-27 13:15:05,446 INFO    MainThread:11624 [wandb_run.py:_atexit_cleanup():2342] got exitcode: 0
2025-02-27 13:15:05,446 INFO    MainThread:11624 [wandb_run.py:_restore():2324] restore
2025-02-27 13:15:05,446 INFO    MainThread:11624 [wandb_run.py:_restore():2330] restore done
2025-02-27 13:15:08,299 INFO    MsgRouterThr:11624 [mailbox.py:close():115] Closing mailbox, abandoning 1 handles.
2025-02-27 13:15:08,299 INFO    MainThread:11624 [wandb_run.py:_footer_history_summary_info():3958] rendering history
2025-02-27 13:15:08,299 INFO    MainThread:11624 [wandb_run.py:_footer_history_summary_info():3990] rendering summary
2025-02-27 13:15:08,301 INFO    MainThread:11624 [wandb_run.py:_footer_sync_info():3919] logging synced files
2025-02-27 13:15:34,372 INFO    MainThread:11624 [wandb_init.py:setup_run_log_directory():647] Logging user logs to c:\Users\DELL\Desktop\Coding\Python\DL\wandb\run-20250227_131534-6qiza24q\logs\debug.log
2025-02-27 13:15:34,372 INFO    MainThread:11624 [wandb_init.py:setup_run_log_directory():648] Logging internal logs to c:\Users\DELL\Desktop\Coding\Python\DL\wandb\run-20250227_131534-6qiza24q\logs\debug-internal.log
2025-02-27 13:15:34,372 INFO    MainThread:11624 [wandb_init.py:init():761] calling init triggers
2025-02-27 13:15:34,373 INFO    MainThread:11624 [wandb_init.py:init():766] wandb.init called with sweep_config: {}
config: {'learning_rate': 0.02, 'architecture': 'CNN', 'dataset': 'CIFAR-100', 'epochs': 10, '_wandb': {}}
2025-02-27 13:15:34,373 INFO    MainThread:11624 [wandb_init.py:init():784] starting backend
2025-02-27 13:15:34,373 INFO    MainThread:11624 [wandb_init.py:init():788] sending inform_init request
2025-02-27 13:15:34,375 INFO    MainThread:11624 [backend.py:_multiprocessing_setup():97] multiprocessing start_methods=spawn, using: spawn
2025-02-27 13:15:34,375 INFO    MainThread:11624 [wandb_init.py:init():803] backend started and connected
2025-02-27 13:15:34,376 INFO    MainThread:11624 [wandb_run.py:_label_probe_notebook():1204] probe notebook
2025-02-27 13:15:34,376 INFO    MainThread:11624 [wandb_init.py:init():896] updated telemetry
2025-02-27 13:15:34,378 INFO    MainThread:11624 [wandb_init.py:init():920] communicating run to backend with 90.0 second timeout
2025-02-27 13:15:34,865 INFO    MainThread:11624 [wandb_init.py:init():995] starting run threads in backend
2025-02-27 13:15:35,161 INFO    MainThread:11624 [wandb_run.py:_console_start():2377] atexit reg
2025-02-27 13:15:35,161 INFO    MainThread:11624 [wandb_run.py:_redirect():2227] redirect: wrap_raw
2025-02-27 13:15:35,161 INFO    MainThread:11624 [wandb_run.py:_redirect():2292] Wrapping output streams.
2025-02-27 13:15:35,161 INFO    MainThread:11624 [wandb_run.py:_redirect():2317] Redirects installed.
2025-02-27 13:15:35,162 INFO    MainThread:11624 [wandb_init.py:init():1037] run started, returning control to user process
2025-02-27 13:15:35,163 INFO    MainThread:11624 [wandb_run.py:_finish():2112] finishing run bullseye2608-indian-institute-of-technology-madras/my-awesome-project/6qiza24q
2025-02-27 13:15:35,163 INFO    MainThread:11624 [wandb_run.py:_atexit_cleanup():2342] got exitcode: 0
2025-02-27 13:15:35,164 INFO    MainThread:11624 [wandb_run.py:_restore():2324] restore
2025-02-27 13:15:35,164 INFO    MainThread:11624 [wandb_run.py:_restore():2330] restore done
2025-02-27 13:15:38,128 INFO    MsgRouterThr:11624 [mailbox.py:close():115] Closing mailbox, abandoning 1 handles.
2025-02-27 13:15:38,129 INFO    MainThread:11624 [wandb_run.py:_footer_history_summary_info():3958] rendering history
2025-02-27 13:15:38,129 INFO    MainThread:11624 [wandb_run.py:_footer_history_summary_info():3990] rendering summary
2025-02-27 13:15:38,131 INFO    MainThread:11624 [wandb_run.py:_footer_sync_info():3919] logging synced files
2025-02-27 13:23:27,662 INFO    MainThread:11624 [wandb_init.py:setup_run_log_directory():647] Logging user logs to c:\Users\DELL\Desktop\Coding\Python\DL\wandb\run-20250227_132327-v0mcuyjl\logs\debug.log
2025-02-27 13:23:27,662 INFO    MainThread:11624 [wandb_init.py:setup_run_log_directory():648] Logging internal logs to c:\Users\DELL\Desktop\Coding\Python\DL\wandb\run-20250227_132327-v0mcuyjl\logs\debug-internal.log
2025-02-27 13:23:27,663 INFO    MainThread:11624 [wandb_init.py:init():761] calling init triggers
2025-02-27 13:23:27,663 INFO    MainThread:11624 [wandb_init.py:init():766] wandb.init called with sweep_config: {}
config: {'learning_rate': 0.02, 'architecture': 'CNN', 'dataset': 'CIFAR-100', 'epochs': 10, '_wandb': {}}
2025-02-27 13:23:27,667 INFO    MainThread:11624 [wandb_init.py:init():784] starting backend
2025-02-27 13:23:27,667 INFO    MainThread:11624 [wandb_init.py:init():788] sending inform_init request
2025-02-27 13:23:27,669 INFO    MainThread:11624 [backend.py:_multiprocessing_setup():97] multiprocessing start_methods=spawn, using: spawn
2025-02-27 13:23:27,670 INFO    MainThread:11624 [wandb_init.py:init():803] backend started and connected
2025-02-27 13:23:27,671 INFO    MainThread:11624 [wandb_run.py:_label_probe_notebook():1204] probe notebook
2025-02-27 13:23:27,672 INFO    MainThread:11624 [wandb_init.py:init():896] updated telemetry
2025-02-27 13:23:27,674 INFO    MainThread:11624 [wandb_init.py:init():920] communicating run to backend with 90.0 second timeout
2025-02-27 13:23:29,342 INFO    MainThread:11624 [wandb_init.py:init():995] starting run threads in backend
2025-02-27 13:23:29,643 INFO    MainThread:11624 [wandb_run.py:_console_start():2377] atexit reg
2025-02-27 13:23:29,643 INFO    MainThread:11624 [wandb_run.py:_redirect():2227] redirect: wrap_raw
2025-02-27 13:23:29,643 INFO    MainThread:11624 [wandb_run.py:_redirect():2292] Wrapping output streams.
2025-02-27 13:23:29,643 INFO    MainThread:11624 [wandb_run.py:_redirect():2317] Redirects installed.
2025-02-27 13:23:29,644 INFO    MainThread:11624 [wandb_init.py:init():1037] run started, returning control to user process
2025-02-27 13:23:29,645 INFO    MainThread:11624 [wandb_run.py:_finish():2112] finishing run bullseye2608-indian-institute-of-technology-madras/my-awesome-project/v0mcuyjl
2025-02-27 13:23:29,645 INFO    MainThread:11624 [wandb_run.py:_atexit_cleanup():2342] got exitcode: 0
2025-02-27 13:23:29,646 INFO    MainThread:11624 [wandb_run.py:_restore():2324] restore
2025-02-27 13:23:29,646 INFO    MainThread:11624 [wandb_run.py:_restore():2330] restore done
2025-02-27 13:23:32,574 INFO    MsgRouterThr:11624 [mailbox.py:close():115] Closing mailbox, abandoning 1 handles.
2025-02-27 13:23:32,574 INFO    MainThread:11624 [wandb_run.py:_footer_history_summary_info():3958] rendering history
2025-02-27 13:23:32,574 INFO    MainThread:11624 [wandb_run.py:_footer_history_summary_info():3990] rendering summary
2025-02-27 13:23:32,576 INFO    MainThread:11624 [wandb_run.py:_footer_sync_info():3919] logging synced files
